<?xml version="1.0" encoding="UTF-8"?>
<TestRun id="ede5e284-43b7-4440-ad14-bc4e83622b02" name="Administrator@0IMPWIKHZQ1IMAZ 2012-05-21 21:10:29" runUser="0IMPWIKHZQ1IMAZ\Administrator" xmlns="http://microsoft.com/schemas/VisualStudio/TeamTest/2010">
  <TestSettings name="本地" id="d212af82-c35d-4868-aaa6-e572d1bf1b09">
    <Description>这些设置为本地测试运行的默认测试设置。</Description>
    <Deployment enabled="false" runDeploymentRoot="Administrator_0IMPWIKHZQ1IMAZ 2012-05-21 21_10_29">
      <DeploymentItem filename="D:\作品\mvc\MVC3\MyHotelWeb\Hotel.IDAL\bin\Debug\Hotel.IDAL.dll" />
      <DeploymentItem filename="D:\作品\mvc\MVC3\MyHotelWeb\Hotel.IBBL\bin\Debug\Hotel.IBBL.dll" />
      <DeploymentItem filename="D:\作品\mvc\MVC3\MyHotelWeb\Hotel.DAL\bin\Debug\Hotel.DAL.dll" />
      <DeploymentItem filename="D:\作品\mvc\MVC3\MyHotelWeb\Hotel.BLL\bin\Debug\Hotel.BLL.dll" />
      <DeploymentItem filename="D:\作品\mvc\MVC3\MyHotelWeb\Hotel.Model\bin\Debug\Hotel.Model.dll" />
    </Deployment>
    <Execution>
      <TestTypeSpecific />
      <AgentRule name="Execution Agents">
      </AgentRule>
    </Execution>
  </TestSettings>
  <Times creation="2012-05-21T21:10:29.6250000+08:00" queuing="2012-05-21T21:10:32.6093750+08:00" start="2012-05-21T21:10:32.7656250+08:00" finish="2012-05-21T21:10:34.4531250+08:00" />
  <ResultSummary outcome="Failed">
    <Counters total="1" executed="1" error="0" failed="1" timeout="0" aborted="0" inconclusive="0" passedButRunAborted="0" notRunnable="0" notExecuted="0" disconnected="0" warning="0" passed="0" completed="0" inProgress="0" pending="0" />
  </ResultSummary>
  <TestDefinitions>
    <UnitTest name="DeleteEntityTest" storage="d:\作品\mvc\mvc3\myhotelweb\hoteltest\bin\debug\hoteltest.dll" id="31233257-263c-1d60-93b6-9c4e0c24572c">
      <Execution id="80914319-7487-430f-b6f2-d65becafaed2" />
      <TestMethod codeBase="D:/作品/mvc/MVC3/MyHotelWeb/HotelTest/bin/Debug/HotelTest.DLL" adapterTypeName="Microsoft.VisualStudio.TestTools.TestTypes.Unit.UnitTestAdapter, Microsoft.VisualStudio.QualityTools.Tips.UnitTest.Adapter, Version=10.0.0.0, Culture=neutral, PublicKeyToken=b03f5f7f11d50a3a" className="HotelTest.BaseBLLTest, HotelTest, Version=1.0.0.0, Culture=neutral, PublicKeyToken=null" name="DeleteEntityTest" />
    </UnitTest>
  </TestDefinitions>
  <TestLists>
    <TestList name="列表中未列出的结果" id="8c84fa94-04c1-424b-9868-57a2d4851a1d" />
    <TestList name="所有已加载的结果" id="19431567-8539-422a-85d7-44ee4e166bda" />
  </TestLists>
  <TestEntries>
    <TestEntry testId="31233257-263c-1d60-93b6-9c4e0c24572c" executionId="80914319-7487-430f-b6f2-d65becafaed2" testListId="8c84fa94-04c1-424b-9868-57a2d4851a1d" />
  </TestEntries>
  <Results>
    <UnitTestResult executionId="80914319-7487-430f-b6f2-d65becafaed2" testId="31233257-263c-1d60-93b6-9c4e0c24572c" testName="DeleteEntityTest" computerName="0IMPWIKHZQ1IMAZ" duration="00:00:00.4994584" startTime="2012-05-21T21:10:32.8125000+08:00" endTime="2012-05-21T21:10:34.3750000+08:00" testType="13cdc9d9-ddb5-4fa4-a97d-d965ccfc6d4b" outcome="Failed" testListId="8c84fa94-04c1-424b-9868-57a2d4851a1d" relativeResultsDirectory="80914319-7487-430f-b6f2-d65becafaed2">
      <Output>
        <ErrorInfo>
          <Message>测试方法 HotelTest.BaseBLLTest.DeleteEntityTest 引发了异常: 
System.NullReferenceException: 未将对象引用设置到对象的实例。</Message>
          <StackTrace>    在 HotelTest.BaseBLLTest.DeleteEntityTestHelper[T]() 位置 D:\作品\mvc\MVC3\MyHotelWeb\HotelTest\BaseBLLTest.cs:行号 80
   在 HotelTest.BaseBLLTest.DeleteEntityTest() 位置 D:\作品\mvc\MVC3\MyHotelWeb\HotelTest\BaseBLLTest.cs:行号 95
</StackTrace>
        </ErrorInfo>
      </Output>
    </UnitTestResult>
  </Results>
</TestRun>